2026-02-22 23:47:25 | Dataset 1 reached end condition
2026-02-22 23:47:25 |Alternate found, Dataset 2 | Page 1 | https://www.justice.gov/epstein/files/DataSet%202/EFTA00003212.avi
2026-02-22 23:47:30 | Dataset 2 reached end condition
2026-02-22 23:47:30 | Dataset 2 reached end condition
2026-02-22 23:47:30 | Dataset 3 reached end condition
2026-02-22 23:47:30 | Dataset 3 reached end condition
2026-02-22 23:47:32 | Dataset 4 reached end condition
2026-02-22 23:47:32 | Dataset 4 reached end condition
2026-02-22 23:47:33 | Dataset 5 reached end condition
2026-02-22 23:47:33 | Dataset 5 reached end condition
2026-02-22 23:47:33 | Dataset 6 reached end condition
2026-02-22 23:47:36 |Alternate found, Dataset 8 | Page 6 | https://www.justice.gov/epstein/files/DataSet%208/EFTA00010707.mp4
2026-02-22 23:48:00 | No alternate found, Dataset 8 | Page 32 | https://www.justice.gov/epstein/files/DataSet%208/EFTA00016155.pdf
2026-02-22 23:48:06 | No alternate found, Dataset 8 | Page 46 | https://www.justice.gov/epstein/files/DataSet%208/EFTA00018595.pdf
2026-02-22 23:48:26 | No alternate found, Dataset 8 | Page 87 | https://www.justice.gov/epstein/files/DataSet%208/EFTA00024813.pdf
2026-02-22 23:48:27 | No alternate found, Dataset 8 | Page 87 | https://www.justice.gov/epstein/files/DataSet%208/EFTA00024809.pdf
2026-02-22 23:48:32 |Alternate found, Dataset 8 | Page 114 | https://www.justice.gov/epstein/files/DataSet%208/EFTA00028842.mp4
2026-02-22 23:48:35 |Alternate found, Dataset 8 | Page 114 | https://www.justice.gov/epstein/files/DataSet%208/EFTA00028983.mp3
2026-02-22 23:48:37 |Alternate found, Dataset 8 | Page 123 | https://www.justice.gov/epstein/files/DataSet%208/EFTA00029995.mp4
2026-02-22 23:48:37 |Alternate found, Dataset 8 | Page 123 | https://www.justice.gov/epstein/files/DataSet%208/EFTA00029996.mp4
2026-02-22 23:48:37 |Alternate found, Dataset 8 | Page 123 | https://www.justice.gov/epstein/files/DataSet%208/EFTA00029998.mp4
2026-02-22 23:48:37 |Alternate found, Dataset 8 | Page 123 | https://www.justice.gov/epstein/files/DataSet%208/EFTA00029997.mp4
2026-02-22 23:48:49 |Alternate found, Dataset 8 | Page 147 | https://www.justice.gov/epstein/files/DataSet%208/EFTA00032991.mp4
2026-02-22 23:48:49 |Alternate found, Dataset 8 | Page 147 | https://www.justice.gov/epstein/files/DataSet%208/EFTA00032989.mp4
2026-02-22 23:48:49 |Alternate found, Dataset 8 | Page 147 | https://www.justice.gov/epstein/files/DataSet%208/EFTA00032990.mp4
2026-02-22 23:48:49 |Alternate found, Dataset 8 | Page 148 | https://www.justice.gov/epstein/files/DataSet%208/EFTA00033003.mp4
2026-02-22 23:48:49 |Alternate found, Dataset 8 | Page 148 | https://www.justice.gov/epstein/files/DataSet%208/EFTA00033004.mp4
2026-02-22 23:48:49 |Alternate found, Dataset 8 | Page 148 | https://www.justice.gov/epstein/files/DataSet%208/EFTA00033006.mp4
2026-02-22 23:48:49 |Alternate found, Dataset 8 | Page 148 | https://www.justice.gov/epstein/files/DataSet%208/EFTA00033005.mp4
2026-02-22 23:48:49 |Alternate found, Dataset 8 | Page 148 | https://www.justice.gov/epstein/files/DataSet%208/EFTA00033007.mp4
2026-02-22 23:48:50 |Alternate found, Dataset 8 | Page 148 | https://www.justice.gov/epstein/files/DataSet%208/EFTA00033008.mp4
2026-02-22 23:48:50 |Alternate found, Dataset 8 | Page 148 | https://www.justice.gov/epstein/files/DataSet%208/EFTA00033009.mp4
2026-02-22 23:48:50 |Alternate found, Dataset 8 | Page 148 | https://www.justice.gov/epstein/files/DataSet%208/EFTA00033010.mp4
2026-02-22 23:48:50 |Alternate found, Dataset 8 | Page 148 | https://www.justice.gov/epstein/files/DataSet%208/EFTA00033011.mp4
2026-02-22 23:48:50 |Alternate found, Dataset 8 | Page 148 | https://www.justice.gov/epstein/files/DataSet%208/EFTA00033012.mp4
2026-02-22 23:48:50 |Alternate found, Dataset 8 | Page 148 | https://www.justice.gov/epstein/files/DataSet%208/EFTA00033013.mp4
2026-02-22 23:48:50 |Alternate found, Dataset 8 | Page 148 | https://www.justice.gov/epstein/files/DataSet%208/EFTA00033014.mp4
2026-02-22 23:48:50 |Alternate found, Dataset 8 | Page 148 | https://www.justice.gov/epstein/files/DataSet%208/EFTA00033015.mp4
2026-02-22 23:48:51 |Alternate found, Dataset 8 | Page 148 | https://www.justice.gov/epstein/files/DataSet%208/EFTA00033017.mp4
2026-02-22 23:48:51 |Alternate found, Dataset 8 | Page 148 | https://www.justice.gov/epstein/files/DataSet%208/EFTA00033018.mp4
2026-02-22 23:48:51 |Alternate found, Dataset 8 | Page 148 | https://www.justice.gov/epstein/files/DataSet%208/EFTA00033016.mp4
2026-02-22 23:48:51 |Alternate found, Dataset 8 | Page 148 | https://www.justice.gov/epstein/files/DataSet%208/EFTA00033019.mp4
2026-02-22 23:48:51 |Alternate found, Dataset 8 | Page 148 | https://www.justice.gov/epstein/files/DataSet%208/EFTA00033021.mp4
2026-02-22 23:48:51 |Alternate found, Dataset 8 | Page 148 | https://www.justice.gov/epstein/files/DataSet%208/EFTA00033020.mp4
2026-02-22 23:48:51 |Alternate found, Dataset 8 | Page 148 | https://www.justice.gov/epstein/files/DataSet%208/EFTA00033022.mp4
2026-02-22 23:48:51 |Alternate found, Dataset 8 | Page 148 | https://www.justice.gov/epstein/files/DataSet%208/EFTA00033023.mp4
2026-02-22 23:48:51 |Alternate found, Dataset 8 | Page 148 | https://www.justice.gov/epstein/files/DataSet%208/EFTA00033024.mp4
2026-02-22 23:48:52 |Alternate found, Dataset 8 | Page 148 | https://www.justice.gov/epstein/files/DataSet%208/EFTA00033025.mp4
2026-02-22 23:48:52 |Alternate found, Dataset 8 | Page 149 | https://www.justice.gov/epstein/files/DataSet%208/EFTA00033026.mp4
2026-02-22 23:48:52 |Alternate found, Dataset 8 | Page 149 | https://www.justice.gov/epstein/files/DataSet%208/EFTA00033027.mp4
2026-02-22 23:48:52 |Alternate found, Dataset 8 | Page 149 | https://www.justice.gov/epstein/files/DataSet%208/EFTA00033028.mp4
2026-02-22 23:48:53 |Alternate found, Dataset 8 | Page 149 | https://www.justice.gov/epstein/files/DataSet%208/EFTA00033029.mp4
2026-02-22 23:48:53 |Alternate found, Dataset 8 | Page 149 | https://www.justice.gov/epstein/files/DataSet%208/EFTA00033030.mp4
2026-02-22 23:48:53 |Alternate found, Dataset 8 | Page 149 | https://www.justice.gov/epstein/files/DataSet%208/EFTA00033032.mp4
2026-02-22 23:48:53 |Alternate found, Dataset 8 | Page 149 | https://www.justice.gov/epstein/files/DataSet%208/EFTA00033031.mp4
2026-02-22 23:48:53 |Alternate found, Dataset 8 | Page 149 | https://www.justice.gov/epstein/files/DataSet%208/EFTA00033034.mp4
2026-02-22 23:48:53 |Alternate found, Dataset 8 | Page 149 | https://www.justice.gov/epstein/files/DataSet%208/EFTA00033033.mp4
2026-02-22 23:48:53 |Alternate found, Dataset 8 | Page 149 | https://www.justice.gov/epstein/files/DataSet%208/EFTA00033035.mp4
2026-02-22 23:48:53 |Alternate found, Dataset 8 | Page 149 | https://www.justice.gov/epstein/files/DataSet%208/EFTA00033036.mp4
2026-02-22 23:48:53 |Alternate found, Dataset 8 | Page 149 | https://www.justice.gov/epstein/files/DataSet%208/EFTA00033037.mp4
2026-02-22 23:48:54 |Alternate found, Dataset 8 | Page 149 | https://www.justice.gov/epstein/files/DataSet%208/EFTA00033038.mp4
2026-02-22 23:48:54 |Alternate found, Dataset 8 | Page 149 | https://www.justice.gov/epstein/files/DataSet%208/EFTA00033039.mp4
2026-02-22 23:48:54 |Alternate found, Dataset 8 | Page 149 | https://www.justice.gov/epstein/files/DataSet%208/EFTA00033040.mp4
2026-02-22 23:48:54 |Alternate found, Dataset 8 | Page 149 | https://www.justice.gov/epstein/files/DataSet%208/EFTA00033042.mp4
2026-02-22 23:48:54 |Alternate found, Dataset 8 | Page 149 | https://www.justice.gov/epstein/files/DataSet%208/EFTA00033041.mp4
2026-02-22 23:48:54 |Alternate found, Dataset 8 | Page 149 | https://www.justice.gov/epstein/files/DataSet%208/EFTA00033044.mp4
2026-02-22 23:48:54 |Alternate found, Dataset 8 | Page 149 | https://www.justice.gov/epstein/files/DataSet%208/EFTA00033043.mp4
2026-02-22 23:48:55 |Alternate found, Dataset 8 | Page 149 | https://www.justice.gov/epstein/files/DataSet%208/EFTA00033046.mp4
2026-02-22 23:48:55 |Alternate found, Dataset 8 | Page 149 | https://www.justice.gov/epstein/files/DataSet%208/EFTA00033045.mp4
2026-02-22 23:48:55 |Alternate found, Dataset 8 | Page 149 | https://www.justice.gov/epstein/files/DataSet%208/EFTA00033047.mp4
2026-02-22 23:48:55 |Alternate found, Dataset 8 | Page 149 | https://www.justice.gov/epstein/files/DataSet%208/EFTA00033048.mp4
2026-02-22 23:48:55 |Alternate found, Dataset 8 | Page 149 | https://www.justice.gov/epstein/files/DataSet%208/EFTA00033050.mp4
2026-02-22 23:48:55 |Alternate found, Dataset 8 | Page 149 | https://www.justice.gov/epstein/files/DataSet%208/EFTA00033049.mp4
2026-02-22 23:48:56 |Alternate found, Dataset 8 | Page 150 | https://www.justice.gov/epstein/files/DataSet%208/EFTA00033051.mp4
2026-02-22 23:48:56 |Alternate found, Dataset 8 | Page 150 | https://www.justice.gov/epstein/files/DataSet%208/EFTA00033054.mp4
2026-02-22 23:48:56 |Alternate found, Dataset 8 | Page 150 | https://www.justice.gov/epstein/files/DataSet%208/EFTA00033052.mp4
2026-02-22 23:48:56 |Alternate found, Dataset 8 | Page 150 | https://www.justice.gov/epstein/files/DataSet%208/EFTA00033053.mp4
2026-02-22 23:48:56 |Alternate found, Dataset 8 | Page 150 | https://www.justice.gov/epstein/files/DataSet%208/EFTA00033055.mp4
2026-02-22 23:48:56 |Alternate found, Dataset 8 | Page 150 | https://www.justice.gov/epstein/files/DataSet%208/EFTA00033056.mp4
2026-02-22 23:48:56 |Alternate found, Dataset 8 | Page 150 | https://www.justice.gov/epstein/files/DataSet%208/EFTA00033058.mp4
2026-02-22 23:48:57 |Alternate found, Dataset 8 | Page 150 | https://www.justice.gov/epstein/files/DataSet%208/EFTA00033059.mp4
2026-02-22 23:48:57 |Alternate found, Dataset 8 | Page 150 | https://www.justice.gov/epstein/files/DataSet%208/EFTA00033057.mp4
2026-02-22 23:48:57 |Alternate found, Dataset 8 | Page 150 | https://www.justice.gov/epstein/files/DataSet%208/EFTA00033060.mp4
2026-02-22 23:48:57 |Alternate found, Dataset 8 | Page 150 | https://www.justice.gov/epstein/files/DataSet%208/EFTA00033061.mp4
2026-02-22 23:48:57 |Alternate found, Dataset 8 | Page 150 | https://www.justice.gov/epstein/files/DataSet%208/EFTA00033063.mp4
2026-02-22 23:48:57 |Alternate found, Dataset 8 | Page 150 | https://www.justice.gov/epstein/files/DataSet%208/EFTA00033062.mp4
2026-02-22 23:48:57 |Alternate found, Dataset 8 | Page 150 | https://www.justice.gov/epstein/files/DataSet%208/EFTA00033064.mp4
2026-02-22 23:48:57 |Alternate found, Dataset 8 | Page 150 | https://www.justice.gov/epstein/files/DataSet%208/EFTA00033065.mp4
2026-02-22 23:48:57 |Alternate found, Dataset 8 | Page 150 | https://www.justice.gov/epstein/files/DataSet%208/EFTA00033066.mp4
2026-02-22 23:48:58 |Alternate found, Dataset 8 | Page 150 | https://www.justice.gov/epstein/files/DataSet%208/EFTA00033067.mp4
2026-02-22 23:48:58 |Alternate found, Dataset 8 | Page 150 | https://www.justice.gov/epstein/files/DataSet%208/EFTA00033069.mp4
2026-02-22 23:48:58 |Alternate found, Dataset 8 | Page 150 | https://www.justice.gov/epstein/files/DataSet%208/EFTA00033068.mp4
2026-02-22 23:48:58 |Alternate found, Dataset 8 | Page 150 | https://www.justice.gov/epstein/files/DataSet%208/EFTA00033070.mp4
2026-02-22 23:48:58 |Alternate found, Dataset 8 | Page 150 | https://www.justice.gov/epstein/files/DataSet%208/EFTA00033071.mp4
2026-02-22 23:48:58 |Alternate found, Dataset 8 | Page 150 | https://www.justice.gov/epstein/files/DataSet%208/EFTA00033072.mp4
2026-02-22 23:48:58 |Alternate found, Dataset 8 | Page 150 | https://www.justice.gov/epstein/files/DataSet%208/EFTA00033073.mp4
2026-02-22 23:48:58 |Alternate found, Dataset 8 | Page 150 | https://www.justice.gov/epstein/files/DataSet%208/EFTA00033074.mp4
2026-02-22 23:48:58 |Alternate found, Dataset 8 | Page 150 | https://www.justice.gov/epstein/files/DataSet%208/EFTA00033075.mp4
2026-02-22 23:48:59 |Alternate found, Dataset 8 | Page 151 | https://www.justice.gov/epstein/files/DataSet%208/EFTA00033078.mp4
2026-02-22 23:48:59 |Alternate found, Dataset 8 | Page 151 | https://www.justice.gov/epstein/files/DataSet%208/EFTA00033079.mp4
2026-02-22 23:48:59 |Alternate found, Dataset 8 | Page 151 | https://www.justice.gov/epstein/files/DataSet%208/EFTA00033076.mp4
2026-02-22 23:48:59 |Alternate found, Dataset 8 | Page 151 | https://www.justice.gov/epstein/files/DataSet%208/EFTA00033077.mp4
2026-02-22 23:48:59 |Alternate found, Dataset 8 | Page 151 | https://www.justice.gov/epstein/files/DataSet%208/EFTA00033080.mp4
2026-02-22 23:48:59 |Alternate found, Dataset 8 | Page 151 | https://www.justice.gov/epstein/files/DataSet%208/EFTA00033081.mp4
2026-02-22 23:48:59 |Alternate found, Dataset 8 | Page 151 | https://www.justice.gov/epstein/files/DataSet%208/EFTA00033082.mp4
2026-02-22 23:48:59 |Alternate found, Dataset 8 | Page 151 | https://www.justice.gov/epstein/files/DataSet%208/EFTA00033083.mp4
2026-02-22 23:49:00 |Alternate found, Dataset 8 | Page 151 | https://www.justice.gov/epstein/files/DataSet%208/EFTA00033087.mp4
2026-02-22 23:49:00 |Alternate found, Dataset 8 | Page 151 | https://www.justice.gov/epstein/files/DataSet%208/EFTA00033084.mp4
2026-02-22 23:49:00 |Alternate found, Dataset 8 | Page 151 | https://www.justice.gov/epstein/files/DataSet%208/EFTA00033085.mp4
2026-02-22 23:49:00 |Alternate found, Dataset 8 | Page 151 | https://www.justice.gov/epstein/files/DataSet%208/EFTA00033086.mp4
2026-02-22 23:49:00 |Alternate found, Dataset 8 | Page 151 | https://www.justice.gov/epstein/files/DataSet%208/EFTA00033088.mp4
2026-02-22 23:49:00 |Alternate found, Dataset 8 | Page 151 | https://www.justice.gov/epstein/files/DataSet%208/EFTA00033090.mp4
2026-02-22 23:49:00 |Alternate found, Dataset 8 | Page 151 | https://www.justice.gov/epstein/files/DataSet%208/EFTA00033091.mp4
2026-02-22 23:49:00 |Alternate found, Dataset 8 | Page 151 | https://www.justice.gov/epstein/files/DataSet%208/EFTA00033089.mp4
2026-02-22 23:49:01 |Alternate found, Dataset 8 | Page 151 | https://www.justice.gov/epstein/files/DataSet%208/EFTA00033092.mp4
2026-02-22 23:49:01 |Alternate found, Dataset 8 | Page 151 | https://www.justice.gov/epstein/files/DataSet%208/EFTA00033093.mp4
2026-02-22 23:49:01 |Alternate found, Dataset 8 | Page 151 | https://www.justice.gov/epstein/files/DataSet%208/EFTA00033094.mp4
2026-02-22 23:49:01 |Alternate found, Dataset 8 | Page 151 | https://www.justice.gov/epstein/files/DataSet%208/EFTA00033095.mp4
2026-02-22 23:49:01 |Alternate found, Dataset 8 | Page 151 | https://www.justice.gov/epstein/files/DataSet%208/EFTA00033096.mp4
2026-02-22 23:49:01 |Alternate found, Dataset 8 | Page 151 | https://www.justice.gov/epstein/files/DataSet%208/EFTA00033097.mp4
2026-02-22 23:49:01 |Alternate found, Dataset 8 | Page 151 | https://www.justice.gov/epstein/files/DataSet%208/EFTA00033099.mp4
2026-02-22 23:49:01 |Alternate found, Dataset 8 | Page 151 | https://www.justice.gov/epstein/files/DataSet%208/EFTA00033098.mp4
2026-02-22 23:49:01 |Alternate found, Dataset 8 | Page 151 | https://www.justice.gov/epstein/files/DataSet%208/EFTA00033100.mp4
2026-02-22 23:49:02 |Alternate found, Dataset 8 | Page 152 | https://www.justice.gov/epstein/files/DataSet%208/EFTA00033101.mp4
2026-02-22 23:49:02 |Alternate found, Dataset 8 | Page 152 | https://www.justice.gov/epstein/files/DataSet%208/EFTA00033103.mp4
2026-02-22 23:49:02 |Alternate found, Dataset 8 | Page 152 | https://www.justice.gov/epstein/files/DataSet%208/EFTA00033102.mp4
2026-02-22 23:49:02 |Alternate found, Dataset 8 | Page 152 | https://www.justice.gov/epstein/files/DataSet%208/EFTA00033104.mp4
2026-02-22 23:49:02 |Alternate found, Dataset 8 | Page 152 | https://www.justice.gov/epstein/files/DataSet%208/EFTA00033105.mp4
2026-02-22 23:49:02 |Alternate found, Dataset 8 | Page 152 | https://www.justice.gov/epstein/files/DataSet%208/EFTA00033106.mp4
2026-02-22 23:49:02 |Alternate found, Dataset 8 | Page 152 | https://www.justice.gov/epstein/files/DataSet%208/EFTA00033108.mp4
2026-02-22 23:49:02 |Alternate found, Dataset 8 | Page 152 | https://www.justice.gov/epstein/files/DataSet%208/EFTA00033107.mp4
2026-02-22 23:49:03 |Alternate found, Dataset 8 | Page 152 | https://www.justice.gov/epstein/files/DataSet%208/EFTA00033109.mp4
2026-02-22 23:49:03 |Alternate found, Dataset 8 | Page 152 | https://www.justice.gov/epstein/files/DataSet%208/EFTA00033110.mp4
2026-02-22 23:49:03 |Alternate found, Dataset 8 | Page 152 | https://www.justice.gov/epstein/files/DataSet%208/EFTA00033112.mp4
2026-02-22 23:49:03 |Alternate found, Dataset 8 | Page 152 | https://www.justice.gov/epstein/files/DataSet%208/EFTA00033111.mp4
2026-02-22 23:49:03 |Alternate found, Dataset 8 | Page 152 | https://www.justice.gov/epstein/files/DataSet%208/EFTA00033113.mp4
2026-02-22 23:49:03 |Alternate found, Dataset 8 | Page 152 | https://www.justice.gov/epstein/files/DataSet%208/EFTA00033114.mp4
2026-02-22 23:49:03 |Alternate found, Dataset 8 | Page 152 | https://www.justice.gov/epstein/files/DataSet%208/EFTA00033116.mp4
2026-02-22 23:49:04 |Alternate found, Dataset 8 | Page 152 | https://www.justice.gov/epstein/files/DataSet%208/EFTA00033115.mp4
2026-02-22 23:49:04 |Alternate found, Dataset 8 | Page 152 | https://www.justice.gov/epstein/files/DataSet%208/EFTA00033117.mp4
2026-02-22 23:49:04 |Alternate found, Dataset 8 | Page 152 | https://www.justice.gov/epstein/files/DataSet%208/EFTA00033118.mp4
2026-02-22 23:49:04 |Alternate found, Dataset 8 | Page 152 | https://www.justice.gov/epstein/files/DataSet%208/EFTA00033119.mp4
2026-02-22 23:49:04 |Alternate found, Dataset 8 | Page 152 | https://www.justice.gov/epstein/files/DataSet%208/EFTA00033120.mp4
2026-02-22 23:49:04 |Alternate found, Dataset 8 | Page 152 | https://www.justice.gov/epstein/files/DataSet%208/EFTA00033121.mp4
2026-02-22 23:49:04 |Alternate found, Dataset 8 | Page 152 | https://www.justice.gov/epstein/files/DataSet%208/EFTA00033122.mp4
2026-02-22 23:49:05 |Alternate found, Dataset 8 | Page 152 | https://www.justice.gov/epstein/files/DataSet%208/EFTA00033123.mp4
2026-02-22 23:49:05 |Alternate found, Dataset 8 | Page 152 | https://www.justice.gov/epstein/files/DataSet%208/EFTA00033124.mp4
2026-02-22 23:49:05 |Alternate found, Dataset 8 | Page 152 | https://www.justice.gov/epstein/files/DataSet%208/EFTA00033125.mp4
2026-02-22 23:49:05 |Alternate found, Dataset 8 | Page 153 | https://www.justice.gov/epstein/files/DataSet%208/EFTA00033126.mp4
2026-02-22 23:49:05 |Alternate found, Dataset 8 | Page 153 | https://www.justice.gov/epstein/files/DataSet%208/EFTA00033128.mp4
2026-02-22 23:49:05 |Alternate found, Dataset 8 | Page 153 | https://www.justice.gov/epstein/files/DataSet%208/EFTA00033129.mp4
2026-02-22 23:49:05 |Alternate found, Dataset 8 | Page 153 | https://www.justice.gov/epstein/files/DataSet%208/EFTA00033127.mp4
2026-02-22 23:49:05 |Alternate found, Dataset 8 | Page 153 | https://www.justice.gov/epstein/files/DataSet%208/EFTA00033130.mp4
2026-02-22 23:49:05 |Alternate found, Dataset 8 | Page 153 | https://www.justice.gov/epstein/files/DataSet%208/EFTA00033131.mp4
2026-02-22 23:49:06 |Alternate found, Dataset 8 | Page 153 | https://www.justice.gov/epstein/files/DataSet%208/EFTA00033132.mp4
2026-02-22 23:49:06 |Alternate found, Dataset 8 | Page 153 | https://www.justice.gov/epstein/files/DataSet%208/EFTA00033133.mp4
2026-02-22 23:49:06 |Alternate found, Dataset 8 | Page 153 | https://www.justice.gov/epstein/files/DataSet%208/EFTA00033134.mp4
2026-02-22 23:49:06 |Alternate found, Dataset 8 | Page 153 | https://www.justice.gov/epstein/files/DataSet%208/EFTA00033135.mp4
2026-02-22 23:49:06 |Alternate found, Dataset 8 | Page 153 | https://www.justice.gov/epstein/files/DataSet%208/EFTA00033136.mp4
2026-02-22 23:49:06 |Alternate found, Dataset 8 | Page 153 | https://www.justice.gov/epstein/files/DataSet%208/EFTA00033137.mp4
2026-02-22 23:49:06 |Alternate found, Dataset 8 | Page 153 | https://www.justice.gov/epstein/files/DataSet%208/EFTA00033138.mp4
2026-02-22 23:49:06 |Alternate found, Dataset 8 | Page 153 | https://www.justice.gov/epstein/files/DataSet%208/EFTA00033139.mp4
2026-02-22 23:49:06 |Alternate found, Dataset 8 | Page 153 | https://www.justice.gov/epstein/files/DataSet%208/EFTA00033140.mp4
2026-02-22 23:49:06 |Alternate found, Dataset 8 | Page 153 | https://www.justice.gov/epstein/files/DataSet%208/EFTA00033142.mp4
2026-02-22 23:49:06 |Alternate found, Dataset 8 | Page 153 | https://www.justice.gov/epstein/files/DataSet%208/EFTA00033141.mp4
2026-02-22 23:49:07 |Alternate found, Dataset 8 | Page 153 | https://www.justice.gov/epstein/files/DataSet%208/EFTA00033143.mp4
2026-02-22 23:49:07 |Alternate found, Dataset 8 | Page 153 | https://www.justice.gov/epstein/files/DataSet%208/EFTA00033144.mp4
2026-02-22 23:49:07 |Alternate found, Dataset 8 | Page 153 | https://www.justice.gov/epstein/files/DataSet%208/EFTA00033145.mp4
2026-02-22 23:49:07 |Alternate found, Dataset 8 | Page 153 | https://www.justice.gov/epstein/files/DataSet%208/EFTA00033146.mp4
2026-02-22 23:49:07 |Alternate found, Dataset 8 | Page 153 | https://www.justice.gov/epstein/files/DataSet%208/EFTA00033147.mp4
2026-02-22 23:49:07 |Alternate found, Dataset 8 | Page 153 | https://www.justice.gov/epstein/files/DataSet%208/EFTA00033148.mp4
2026-02-22 23:49:07 |Alternate found, Dataset 8 | Page 153 | https://www.justice.gov/epstein/files/DataSet%208/EFTA00033149.mp4
2026-02-22 23:49:08 |Alternate found, Dataset 8 | Page 153 | https://www.justice.gov/epstein/files/DataSet%208/EFTA00033150.mp4
2026-02-22 23:49:08 |Alternate found, Dataset 8 | Page 154 | https://www.justice.gov/epstein/files/DataSet%208/EFTA00033152.mp4
2026-02-22 23:49:08 |Alternate found, Dataset 8 | Page 154 | https://www.justice.gov/epstein/files/DataSet%208/EFTA00033151.mp4
2026-02-22 23:49:08 |Alternate found, Dataset 8 | Page 154 | https://www.justice.gov/epstein/files/DataSet%208/EFTA00033154.mp4
2026-02-22 23:49:08 |Alternate found, Dataset 8 | Page 154 | https://www.justice.gov/epstein/files/DataSet%208/EFTA00033153.mp4
2026-02-22 23:49:08 |Alternate found, Dataset 8 | Page 154 | https://www.justice.gov/epstein/files/DataSet%208/EFTA00033155.mp4
2026-02-22 23:49:08 |Alternate found, Dataset 8 | Page 154 | https://www.justice.gov/epstein/files/DataSet%208/EFTA00033156.mp4
2026-02-22 23:49:08 |Alternate found, Dataset 8 | Page 154 | https://www.justice.gov/epstein/files/DataSet%208/EFTA00033157.mp4
2026-02-22 23:49:09 |Alternate found, Dataset 8 | Page 154 | https://www.justice.gov/epstein/files/DataSet%208/EFTA00033158.mp4
2026-02-22 23:49:09 |Alternate found, Dataset 8 | Page 154 | https://www.justice.gov/epstein/files/DataSet%208/EFTA00033159.mp4
2026-02-22 23:49:09 |Alternate found, Dataset 8 | Page 154 | https://www.justice.gov/epstein/files/DataSet%208/EFTA00033160.mp4
2026-02-22 23:49:09 |Alternate found, Dataset 8 | Page 154 | https://www.justice.gov/epstein/files/DataSet%208/EFTA00033161.mp4
2026-02-22 23:49:09 |Alternate found, Dataset 8 | Page 154 | https://www.justice.gov/epstein/files/DataSet%208/EFTA00033162.mp4
2026-02-22 23:49:09 |Alternate found, Dataset 8 | Page 154 | https://www.justice.gov/epstein/files/DataSet%208/EFTA00033163.mp4
2026-02-22 23:49:09 |Alternate found, Dataset 8 | Page 154 | https://www.justice.gov/epstein/files/DataSet%208/EFTA00033164.mp4
2026-02-22 23:49:09 |Alternate found, Dataset 8 | Page 154 | https://www.justice.gov/epstein/files/DataSet%208/EFTA00033167.mp4
2026-02-22 23:49:09 |Alternate found, Dataset 8 | Page 154 | https://www.justice.gov/epstein/files/DataSet%208/EFTA00033165.mp4
2026-02-22 23:49:10 |Alternate found, Dataset 8 | Page 154 | https://www.justice.gov/epstein/files/DataSet%208/EFTA00033166.mp4
2026-02-22 23:49:10 |Alternate found, Dataset 8 | Page 154 | https://www.justice.gov/epstein/files/DataSet%208/EFTA00033168.mp4
2026-02-22 23:49:10 |Alternate found, Dataset 8 | Page 154 | https://www.justice.gov/epstein/files/DataSet%208/EFTA00033171.mp4
2026-02-22 23:49:10 |Alternate found, Dataset 8 | Page 154 | https://www.justice.gov/epstein/files/DataSet%208/EFTA00033169.mp4
2026-02-22 23:49:10 |Alternate found, Dataset 8 | Page 154 | https://www.justice.gov/epstein/files/DataSet%208/EFTA00033170.mp4
2026-02-22 23:49:10 |Alternate found, Dataset 8 | Page 154 | https://www.justice.gov/epstein/files/DataSet%208/EFTA00033172.mp4
2026-02-22 23:49:10 |Alternate found, Dataset 8 | Page 154 | https://www.justice.gov/epstein/files/DataSet%208/EFTA00033173.mp4
2026-02-22 23:49:11 |Alternate found, Dataset 8 | Page 154 | https://www.justice.gov/epstein/files/DataSet%208/EFTA00033174.mp4
2026-02-22 23:49:11 |Alternate found, Dataset 8 | Page 154 | https://www.justice.gov/epstein/files/DataSet%208/EFTA00033175.mp4
2026-02-22 23:49:11 |Alternate found, Dataset 8 | Page 155 | https://www.justice.gov/epstein/files/DataSet%208/EFTA00033176.mp4
2026-02-22 23:49:11 |Alternate found, Dataset 8 | Page 155 | https://www.justice.gov/epstein/files/DataSet%208/EFTA00033177.mp4
2026-02-22 23:49:11 |Alternate found, Dataset 8 | Page 155 | https://www.justice.gov/epstein/files/DataSet%208/EFTA00033178.mp4
2026-02-22 23:49:11 |Alternate found, Dataset 8 | Page 155 | https://www.justice.gov/epstein/files/DataSet%208/EFTA00033179.mp4
2026-02-22 23:49:11 |Alternate found, Dataset 8 | Page 155 | https://www.justice.gov/epstein/files/DataSet%208/EFTA00033182.mp4
2026-02-22 23:49:11 |Alternate found, Dataset 8 | Page 155 | https://www.justice.gov/epstein/files/DataSet%208/EFTA00033180.mp4
2026-02-22 23:49:11 |Alternate found, Dataset 8 | Page 155 | https://www.justice.gov/epstein/files/DataSet%208/EFTA00033181.mp4
2026-02-22 23:49:12 |Alternate found, Dataset 8 | Page 155 | https://www.justice.gov/epstein/files/DataSet%208/EFTA00033183.mp4
2026-02-22 23:49:12 |Alternate found, Dataset 8 | Page 155 | https://www.justice.gov/epstein/files/DataSet%208/EFTA00033184.mp4
2026-02-22 23:49:12 |Alternate found, Dataset 8 | Page 155 | https://www.justice.gov/epstein/files/DataSet%208/EFTA00033185.mp4
2026-02-22 23:49:12 |Alternate found, Dataset 8 | Page 155 | https://www.justice.gov/epstein/files/DataSet%208/EFTA00033186.mp4
2026-02-22 23:49:12 |Alternate found, Dataset 8 | Page 155 | https://www.justice.gov/epstein/files/DataSet%208/EFTA00033187.mp4
2026-02-22 23:49:12 |Alternate found, Dataset 8 | Page 155 | https://www.justice.gov/epstein/files/DataSet%208/EFTA00033188.mp4
2026-02-22 23:49:12 |Alternate found, Dataset 8 | Page 155 | https://www.justice.gov/epstein/files/DataSet%208/EFTA00033190.mp4
2026-02-22 23:49:12 |Alternate found, Dataset 8 | Page 155 | https://www.justice.gov/epstein/files/DataSet%208/EFTA00033189.mp4
2026-02-22 23:49:13 |Alternate found, Dataset 8 | Page 155 | https://www.justice.gov/epstein/files/DataSet%208/EFTA00033191.mp4
2026-02-22 23:49:13 |Alternate found, Dataset 8 | Page 155 | https://www.justice.gov/epstein/files/DataSet%208/EFTA00033192.mp4
2026-02-22 23:49:13 |Alternate found, Dataset 8 | Page 155 | https://www.justice.gov/epstein/files/DataSet%208/EFTA00033193.mp4
2026-02-22 23:49:13 |Alternate found, Dataset 8 | Page 155 | https://www.justice.gov/epstein/files/DataSet%208/EFTA00033194.mp4
2026-02-22 23:49:13 |Alternate found, Dataset 8 | Page 155 | https://www.justice.gov/epstein/files/DataSet%208/EFTA00033196.mp4
2026-02-22 23:49:13 |Alternate found, Dataset 8 | Page 155 | https://www.justice.gov/epstein/files/DataSet%208/EFTA00033195.mp4
2026-02-22 23:49:13 |Alternate found, Dataset 8 | Page 155 | https://www.justice.gov/epstein/files/DataSet%208/EFTA00033197.mp4
2026-02-22 23:49:13 |Alternate found, Dataset 8 | Page 155 | https://www.justice.gov/epstein/files/DataSet%208/EFTA00033198.mp4
2026-02-22 23:49:13 |Alternate found, Dataset 8 | Page 155 | https://www.justice.gov/epstein/files/DataSet%208/EFTA00033199.mp4
2026-02-22 23:49:13 |Alternate found, Dataset 8 | Page 155 | https://www.justice.gov/epstein/files/DataSet%208/EFTA00033200.mp4
2026-02-22 23:49:14 |Alternate found, Dataset 8 | Page 156 | https://www.justice.gov/epstein/files/DataSet%208/EFTA00033201.mp4
2026-02-22 23:49:14 |Alternate found, Dataset 8 | Page 156 | https://www.justice.gov/epstein/files/DataSet%208/EFTA00033203.mp4
2026-02-22 23:49:14 |Alternate found, Dataset 8 | Page 156 | https://www.justice.gov/epstein/files/DataSet%208/EFTA00033204.mp4
2026-02-22 23:49:14 |Alternate found, Dataset 8 | Page 156 | https://www.justice.gov/epstein/files/DataSet%208/EFTA00033202.mp4
2026-02-22 23:49:15 |Alternate found, Dataset 8 | Page 156 | https://www.justice.gov/epstein/files/DataSet%208/EFTA00033205.mp4
2026-02-22 23:49:15 |Alternate found, Dataset 8 | Page 156 | https://www.justice.gov/epstein/files/DataSet%208/EFTA00033206.mp4
2026-02-22 23:49:15 |Alternate found, Dataset 8 | Page 156 | https://www.justice.gov/epstein/files/DataSet%208/EFTA00033208.mp4
2026-02-22 23:49:15 |Alternate found, Dataset 8 | Page 156 | https://www.justice.gov/epstein/files/DataSet%208/EFTA00033207.mp4
2026-02-22 23:49:15 |Alternate found, Dataset 8 | Page 156 | https://www.justice.gov/epstein/files/DataSet%208/EFTA00033209.mp4
2026-02-22 23:49:15 |Alternate found, Dataset 8 | Page 156 | https://www.justice.gov/epstein/files/DataSet%208/EFTA00033210.mp4
2026-02-22 23:49:15 |Alternate found, Dataset 8 | Page 156 | https://www.justice.gov/epstein/files/DataSet%208/EFTA00033211.mp4
2026-02-22 23:49:15 |Alternate found, Dataset 8 | Page 156 | https://www.justice.gov/epstein/files/DataSet%208/EFTA00033212.mp4
2026-02-22 23:49:15 |Alternate found, Dataset 8 | Page 156 | https://www.justice.gov/epstein/files/DataSet%208/EFTA00033214.mp4
2026-02-22 23:49:16 |Alternate found, Dataset 8 | Page 156 | https://www.justice.gov/epstein/files/DataSet%208/EFTA00033213.mp4
2026-02-22 23:49:16 |Alternate found, Dataset 8 | Page 156 | https://www.justice.gov/epstein/files/DataSet%208/EFTA00033215.mp4
2026-02-22 23:49:16 |Alternate found, Dataset 8 | Page 156 | https://www.justice.gov/epstein/files/DataSet%208/EFTA00033216.mp4
2026-02-22 23:49:16 |Alternate found, Dataset 8 | Page 156 | https://www.justice.gov/epstein/files/DataSet%208/EFTA00033217.mp4
2026-02-22 23:49:16 |Alternate found, Dataset 8 | Page 156 | https://www.justice.gov/epstein/files/DataSet%208/EFTA00033218.mp4
2026-02-22 23:49:16 |Alternate found, Dataset 8 | Page 156 | https://www.justice.gov/epstein/files/DataSet%208/EFTA00033219.mp4
2026-02-22 23:49:16 |Alternate found, Dataset 8 | Page 156 | https://www.justice.gov/epstein/files/DataSet%208/EFTA00033221.mp4
2026-02-22 23:49:16 |Alternate found, Dataset 8 | Page 156 | https://www.justice.gov/epstein/files/DataSet%208/EFTA00033220.mp4
2026-02-22 23:49:17 |Alternate found, Dataset 8 | Page 156 | https://www.justice.gov/epstein/files/DataSet%208/EFTA00033222.mp4
2026-02-22 23:49:17 |Alternate found, Dataset 8 | Page 156 | https://www.justice.gov/epstein/files/DataSet%208/EFTA00033223.mp4
2026-02-22 23:49:17 |Alternate found, Dataset 8 | Page 156 | https://www.justice.gov/epstein/files/DataSet%208/EFTA00033224.mp4
2026-02-22 23:49:17 |Alternate found, Dataset 8 | Page 156 | https://www.justice.gov/epstein/files/DataSet%208/EFTA00033225.mp4
2026-02-22 23:49:17 |Alternate found, Dataset 8 | Page 157 | https://www.justice.gov/epstein/files/DataSet%208/EFTA00033227.mp4
2026-02-22 23:49:17 |Alternate found, Dataset 8 | Page 157 | https://www.justice.gov/epstein/files/DataSet%208/EFTA00033226.mp4
2026-02-22 23:49:17 |Alternate found, Dataset 8 | Page 157 | https://www.justice.gov/epstein/files/DataSet%208/EFTA00033229.mp4
2026-02-22 23:49:17 |Alternate found, Dataset 8 | Page 157 | https://www.justice.gov/epstein/files/DataSet%208/EFTA00033228.mp4
2026-02-22 23:49:18 |Alternate found, Dataset 8 | Page 157 | https://www.justice.gov/epstein/files/DataSet%208/EFTA00033230.mp4
2026-02-22 23:49:18 |Alternate found, Dataset 8 | Page 157 | https://www.justice.gov/epstein/files/DataSet%208/EFTA00033232.mp4
2026-02-22 23:49:18 |Alternate found, Dataset 8 | Page 157 | https://www.justice.gov/epstein/files/DataSet%208/EFTA00033231.mp4
2026-02-22 23:49:18 |Alternate found, Dataset 8 | Page 157 | https://www.justice.gov/epstein/files/DataSet%208/EFTA00033233.mp4
2026-02-22 23:49:18 |Alternate found, Dataset 8 | Page 157 | https://www.justice.gov/epstein/files/DataSet%208/EFTA00033234.mp4
2026-02-22 23:49:18 |Alternate found, Dataset 8 | Page 157 | https://www.justice.gov/epstein/files/DataSet%208/EFTA00033237.mp4
2026-02-22 23:49:18 |Alternate found, Dataset 8 | Page 157 | https://www.justice.gov/epstein/files/DataSet%208/EFTA00033235.mp4
2026-02-22 23:49:18 |Alternate found, Dataset 8 | Page 157 | https://www.justice.gov/epstein/files/DataSet%208/EFTA00033238.mp4
2026-02-22 23:49:18 |Alternate found, Dataset 8 | Page 157 | https://www.justice.gov/epstein/files/DataSet%208/EFTA00033236.mp4
2026-02-22 23:49:18 |Alternate found, Dataset 8 | Page 157 | https://www.justice.gov/epstein/files/DataSet%208/EFTA00033239.mp4
2026-02-22 23:49:19 |Alternate found, Dataset 8 | Page 157 | https://www.justice.gov/epstein/files/DataSet%208/EFTA00033240.mp4
2026-02-22 23:49:19 |Alternate found, Dataset 8 | Page 157 | https://www.justice.gov/epstein/files/DataSet%208/EFTA00033241.mp4
2026-02-22 23:49:19 |Alternate found, Dataset 8 | Page 157 | https://www.justice.gov/epstein/files/DataSet%208/EFTA00033242.mp4
2026-02-22 23:49:19 |Alternate found, Dataset 8 | Page 157 | https://www.justice.gov/epstein/files/DataSet%208/EFTA00033243.mp4
2026-02-22 23:49:19 |Alternate found, Dataset 8 | Page 157 | https://www.justice.gov/epstein/files/DataSet%208/EFTA00033244.mp4
2026-02-22 23:49:19 |Alternate found, Dataset 8 | Page 157 | https://www.justice.gov/epstein/files/DataSet%208/EFTA00033245.mp4
2026-02-22 23:49:19 |Alternate found, Dataset 8 | Page 157 | https://www.justice.gov/epstein/files/DataSet%208/EFTA00033246.mp4
2026-02-22 23:49:20 |Alternate found, Dataset 8 | Page 157 | https://www.justice.gov/epstein/files/DataSet%208/EFTA00033247.mp4
2026-02-22 23:49:20 |Alternate found, Dataset 8 | Page 157 | https://www.justice.gov/epstein/files/DataSet%208/EFTA00033248.mp4
2026-02-22 23:49:20 |Alternate found, Dataset 8 | Page 157 | https://www.justice.gov/epstein/files/DataSet%208/EFTA00033249.mp4
2026-02-22 23:49:20 |Alternate found, Dataset 8 | Page 157 | https://www.justice.gov/epstein/files/DataSet%208/EFTA00033250.mp4
2026-02-22 23:49:20 |Alternate found, Dataset 8 | Page 158 | https://www.justice.gov/epstein/files/DataSet%208/EFTA00033251.mp4
2026-02-22 23:49:20 |Alternate found, Dataset 8 | Page 158 | https://www.justice.gov/epstein/files/DataSet%208/EFTA00033252.mp4
2026-02-22 23:49:20 |Alternate found, Dataset 8 | Page 158 | https://www.justice.gov/epstein/files/DataSet%208/EFTA00033254.mp4
2026-02-22 23:49:20 |Alternate found, Dataset 8 | Page 158 | https://www.justice.gov/epstein/files/DataSet%208/EFTA00033253.mp4
2026-02-22 23:49:21 |Alternate found, Dataset 8 | Page 158 | https://www.justice.gov/epstein/files/DataSet%208/EFTA00033255.mp4
2026-02-22 23:49:21 |Alternate found, Dataset 8 | Page 158 | https://www.justice.gov/epstein/files/DataSet%208/EFTA00033256.mp4
2026-02-22 23:49:21 |Alternate found, Dataset 8 | Page 158 | https://www.justice.gov/epstein/files/DataSet%208/EFTA00033257.mp4
2026-02-22 23:49:21 |Alternate found, Dataset 8 | Page 158 | https://www.justice.gov/epstein/files/DataSet%208/EFTA00033258.mp4
2026-02-22 23:49:21 |Alternate found, Dataset 8 | Page 158 | https://www.justice.gov/epstein/files/DataSet%208/EFTA00033259.mp4
2026-02-22 23:49:21 |Alternate found, Dataset 8 | Page 158 | https://www.justice.gov/epstein/files/DataSet%208/EFTA00033260.mp4
2026-02-22 23:49:21 |Alternate found, Dataset 8 | Page 158 | https://www.justice.gov/epstein/files/DataSet%208/EFTA00033261.mp4
2026-02-22 23:49:21 |Alternate found, Dataset 8 | Page 158 | https://www.justice.gov/epstein/files/DataSet%208/EFTA00033262.mp4
2026-02-22 23:49:21 |Alternate found, Dataset 8 | Page 158 | https://www.justice.gov/epstein/files/DataSet%208/EFTA00033263.mp4
2026-02-22 23:49:22 |Alternate found, Dataset 8 | Page 158 | https://www.justice.gov/epstein/files/DataSet%208/EFTA00033265.mp4
2026-02-22 23:49:22 |Alternate found, Dataset 8 | Page 158 | https://www.justice.gov/epstein/files/DataSet%208/EFTA00033264.mp4
2026-02-22 23:49:22 |Alternate found, Dataset 8 | Page 158 | https://www.justice.gov/epstein/files/DataSet%208/EFTA00033266.mp4
2026-02-22 23:49:22 |Alternate found, Dataset 8 | Page 158 | https://www.justice.gov/epstein/files/DataSet%208/EFTA00033267.mp4
2026-02-22 23:49:22 |Alternate found, Dataset 8 | Page 158 | https://www.justice.gov/epstein/files/DataSet%208/EFTA00033268.mp4
2026-02-22 23:49:22 |Alternate found, Dataset 8 | Page 158 | https://www.justice.gov/epstein/files/DataSet%208/EFTA00033269.mp4
2026-02-22 23:49:22 |Alternate found, Dataset 8 | Page 158 | https://www.justice.gov/epstein/files/DataSet%208/EFTA00033270.mp4
2026-02-22 23:49:22 |Alternate found, Dataset 8 | Page 158 | https://www.justice.gov/epstein/files/DataSet%208/EFTA00033271.mp4
2026-02-22 23:49:22 |Alternate found, Dataset 8 | Page 158 | https://www.justice.gov/epstein/files/DataSet%208/EFTA00033272.mp4
2026-02-22 23:49:23 |Alternate found, Dataset 8 | Page 158 | https://www.justice.gov/epstein/files/DataSet%208/EFTA00033273.mp4
2026-02-22 23:49:23 |Alternate found, Dataset 8 | Page 158 | https://www.justice.gov/epstein/files/DataSet%208/EFTA00033275.mp4
2026-02-22 23:49:23 |Alternate found, Dataset 8 | Page 158 | https://www.justice.gov/epstein/files/DataSet%208/EFTA00033274.mp4
2026-02-22 23:49:23 |Alternate found, Dataset 8 | Page 159 | https://www.justice.gov/epstein/files/DataSet%208/EFTA00033276.mp4
2026-02-22 23:49:23 |Alternate found, Dataset 8 | Page 159 | https://www.justice.gov/epstein/files/DataSet%208/EFTA00033277.mp4
2026-02-22 23:49:23 |Alternate found, Dataset 8 | Page 159 | https://www.justice.gov/epstein/files/DataSet%208/EFTA00033278.mp4
2026-02-22 23:49:23 |Alternate found, Dataset 8 | Page 159 | https://www.justice.gov/epstein/files/DataSet%208/EFTA00033279.mp4
2026-02-22 23:49:23 |Alternate found, Dataset 8 | Page 159 | https://www.justice.gov/epstein/files/DataSet%208/EFTA00033280.mp4
2026-02-22 23:49:24 |Alternate found, Dataset 8 | Page 159 | https://www.justice.gov/epstein/files/DataSet%208/EFTA00033281.mp4
2026-02-22 23:49:24 |Alternate found, Dataset 8 | Page 159 | https://www.justice.gov/epstein/files/DataSet%208/EFTA00033282.mp4
2026-02-22 23:49:24 |Alternate found, Dataset 8 | Page 159 | https://www.justice.gov/epstein/files/DataSet%208/EFTA00033284.mp4
2026-02-22 23:49:24 |Alternate found, Dataset 8 | Page 159 | https://www.justice.gov/epstein/files/DataSet%208/EFTA00033283.mp4
2026-02-22 23:49:24 |Alternate found, Dataset 8 | Page 159 | https://www.justice.gov/epstein/files/DataSet%208/EFTA00033285.mp4
2026-02-22 23:49:24 |Alternate found, Dataset 8 | Page 159 | https://www.justice.gov/epstein/files/DataSet%208/EFTA00033287.mp4
2026-02-22 23:49:24 |Alternate found, Dataset 8 | Page 159 | https://www.justice.gov/epstein/files/DataSet%208/EFTA00033286.mp4
2026-02-22 23:49:24 |Alternate found, Dataset 8 | Page 159 | https://www.justice.gov/epstein/files/DataSet%208/EFTA00033288.mp4
2026-02-22 23:49:24 |Alternate found, Dataset 8 | Page 159 | https://www.justice.gov/epstein/files/DataSet%208/EFTA00033289.mp4
2026-02-22 23:49:24 |Alternate found, Dataset 8 | Page 159 | https://www.justice.gov/epstein/files/DataSet%208/EFTA00033290.mp4
2026-02-22 23:49:25 |Alternate found, Dataset 8 | Page 159 | https://www.justice.gov/epstein/files/DataSet%208/EFTA00033291.mp4
2026-02-22 23:49:25 |Alternate found, Dataset 8 | Page 159 | https://www.justice.gov/epstein/files/DataSet%208/EFTA00033293.mp4
2026-02-22 23:49:25 |Alternate found, Dataset 8 | Page 159 | https://www.justice.gov/epstein/files/DataSet%208/EFTA00033292.mp4
2026-02-22 23:49:25 |Alternate found, Dataset 8 | Page 159 | https://www.justice.gov/epstein/files/DataSet%208/EFTA00033294.mp4
2026-02-22 23:49:25 | Log closed, scraper exiting at Dataset 8, Page 159
