2026-02-20 22:17:47 | Dataset 8 | Page 32 | https://www.justice.gov/epstein/files/DataSet%208/EFTA00016155.pdf
2026-02-20 22:18:01 | Dataset 8 | Page 46 | https://www.justice.gov/epstein/files/DataSet%208/EFTA00018595.pdf
2026-02-20 22:19:12 | Dataset 8 | Page 87 | https://www.justice.gov/epstein/files/DataSet%208/EFTA00024809.pdf
2026-02-20 22:19:12 | Dataset 8 | Page 87 | https://www.justice.gov/epstein/files/DataSet%208/EFTA00024813.pdf
2026-02-20 22:23:54 | Dataset 8 | Page 87 | https://www.justice.gov/epstein/files/DataSet%208/EFTA00024813.pdf
2026-02-20 22:23:56 | Dataset 8 | Page 87 | https://www.justice.gov/epstein/files/DataSet%208/EFTA00024809.pdf
2026-02-20 22:28:52 | Dataset 9 | Page 156 | https://www.justice.gov/epstein/files/DataSet%208/EFTA00033209.pdf
2026-02-20 22:28:53 | Dataset 9 | Page 156 | https://www.justice.gov/epstein/files/DataSet%208/EFTA00033207.pdf
2026-02-20 22:28:53 | Dataset 9 | Page 156 | https://www.justice.gov/epstein/files/DataSet%208/EFTA00033212.pdf
2026-02-20 22:28:53 | Dataset 9 | Page 156 | https://www.justice.gov/epstein/files/DataSet%208/EFTA00033201.pdf
2026-02-20 22:28:54 | Dataset 9 | Page 156 | https://www.justice.gov/epstein/files/DataSet%208/EFTA00033206.pdf
2026-02-21 00:35:55 | Dataset 9 | Page 194 | https://www.justice.gov/epstein/files/DataSet%209/EFTA00141271.pdf
2026-02-21 06:52:39 | Dataset 10 | Page 3271 | https://www.justice.gov/epstein/files/DataSet%2010/EFTA01615376.pdf
2026-02-21 08:55:19 | Dataset 10 | Page 3405 | https://www.justice.gov/epstein/files/DataSet%2010/EFTA01654344.pdf
2026-02-21 13:06:16 | Resuming from Dataset 1, Page 0
2026-02-21 13:17:32 | Interrupted by user
2026-02-21 13:17:32 | Log closed, scraper exiting
2026-02-21 13:23:24 | Resuming from Dataset 1, Page 144
2026-02-21 13:24:36 | Interrupted by user
2026-02-21 13:24:36 | Log closed, scraper exiting
2026-02-21 13:34:58 | Resuming from Dataset 5, Page 0
2026-02-21 13:35:23 | Log closed, scraper exiting
2026-02-21 13:42:52 | Resuming from Dataset 6, Page 0
2026-02-21 13:43:42 | Interrupted by user
2026-02-21 13:47:46 | Resuming from Dataset 6, Page 0
2026-02-21 13:48:06 | Interrupted by user
2026-02-21 13:48:06 | Log closed, scraper exiting
2026-02-21 13:49:54 | Resuming from Dataset 6, Page 0
2026-02-21 13:50:08 | Interrupted by user
2026-02-21 13:56:43 | Resuming from Dataset 6, Page 0
2026-02-21 13:57:16 | Log closed, scraper exiting
2026-02-21 14:15:39 | Resuming from Dataset 12, Page 0
2026-02-21 14:16:06 | Resuming from Dataset 6, Page 0
2026-02-21 14:17:27 | Interrupted by user
2026-02-21 14:17:27 | Log closed, scraper exiting
2026-02-21 14:24:41 | Resuming from Dataset 9, Page 500
2026-02-21 14:25:48 | Interrupted by user
2026-02-21 14:25:48 | Log closed, scraper exiting
2026-02-21 14:31:28 | Resuming from Dataset 9, Page 500
2026-02-21 14:31:48 | Interrupted by user
2026-02-21 14:32:15 | Resuming from Dataset 9, Page 504
2026-02-21 14:32:17 | Interrupted by user
2026-02-21 14:32:24 | Resuming from Dataset 9, Page 500
2026-02-21 14:34:33 | Interrupted by user
2026-02-21 14:34:34 | Log closed, scraper exiting
2026-02-21 14:37:17 | Resuming from Dataset 9, Page 500
2026-02-21 14:40:04 | Interrupted by user
2026-02-21 14:40:04 | Log closed, scraper exiting
2026-02-21 14:48:11 | Resuming from Dataset 9, Page 539
2026-02-21 14:48:12 | Log closed, scraper exiting
2026-02-21 14:48:36 | Resuming from Dataset 9, Page 539
2026-02-21 14:48:38 | Log closed, scraper exiting
2026-02-21 14:57:10 | Resuming from Dataset 9, Page 539
2026-02-21 14:59:32 | Interrupted by user
2026-02-21 14:59:32 | Log closed, scraper exiting
2026-02-21 15:00:53 | Resuming from Dataset 9, Page 500
2026-02-21 16:20:34 | Interrupted by user
2026-02-21 16:20:34 | Log closed, scraper exiting
2026-02-21 16:21:14 | Resuming from Dataset 9, Page 1620
2026-02-21 16:21:32 | Interrupted by user
2026-02-21 16:23:38 | Resuming from Dataset 9, Page 1620
2026-02-21 16:23:46 | Interrupted by user
2026-02-21 16:24:34 | Resuming from Dataset 9, Page 1620
2026-02-21 16:24:42 | Interrupted by user
2026-02-21 16:25:06 | Resuming from Dataset 9, Page 1633
2026-02-21 17:03:10 | Interrupted by user
2026-02-21 17:03:14 | Log closed, scraper exiting
2026-02-21 17:04:29 | Resuming from Dataset 9, Page 1749
2026-02-21 17:07:04 | Interrupted by user
2026-02-21 17:07:04 | Log closed, scraper exiting
2026-02-21 17:10:14 | Resuming from Dataset 9, Page 2161
2026-02-21 17:10:43 | Interrupted by user
2026-02-21 17:12:24 | Resuming from Dataset 9, Page 2166
2026-02-21 17:21:46 | Interrupted by user
2026-02-21 17:22:47 | Resuming from Dataset 9, Page 2296
2026-02-21 17:25:09 | Interrupted by user
2026-02-21 17:25:22 | Log closed, scraper exiting at Dataset None, Page None
2026-02-21 17:30:38 | Resuming from Dataset 9, Page 2326
2026-02-21 17:33:03 | Interrupted by user
2026-02-21 17:33:19 | Log closed, scraper exiting at Dataset None, Page None
2026-02-21 17:38:34 | Resuming from Dataset 9, Page 2357
2026-02-21 17:39:27 | Interrupted by user
2026-02-21 17:39:48 | Log closed, scraper exiting at Dataset 9, Page 2371
2026-02-21 17:40:24 | Resuming from Dataset 9, Page 2371
2026-02-21 17:43:37 | Interrupted by user
2026-02-21 17:43:37 | Log closed, scraper exiting at Dataset 9, Page 2413
2026-02-21 17:43:43 | Resuming from Dataset 9, Page 2413
2026-02-21 18:41:10 | Interrupted by user
2026-02-21 18:41:10 | Log closed, scraper exiting at Dataset 9, Page 3190
2026-02-21 18:42:02 | Resuming from Dataset 9, Page 3190
2026-02-21 18:42:58 | Interrupted by user
2026-02-21 18:43:09 | Log closed, scraper exiting at Dataset 9, Page 3213
2026-02-21 18:43:12 | Resuming from Dataset 9, Page 3213
2026-02-21 18:44:21 | Interrupted by user
2026-02-21 18:44:40 | Log closed, scraper exiting at Dataset 9, Page 3261
2026-02-21 18:46:10 | Resuming from Dataset 9, Page 3261
2026-02-21 18:47:22 | Interrupted by user
2026-02-21 18:47:36 | Log closed, scraper exiting at Dataset 9, Page 3323
2026-02-21 18:48:38 | Resuming from Dataset 9, Page 3323
2026-02-21 18:49:00 | Interrupted by user
2026-02-21 18:49:17 | Log closed, scraper exiting at Dataset 9, Page 3358
2026-02-21 18:49:19 | Resuming from Dataset 9, Page 3358
2026-02-21 18:50:00 | Interrupted by user
2026-02-21 18:50:15 | Log closed, scraper exiting at Dataset 9, Page 3417
2026-02-21 18:50:18 | Resuming from Dataset 9, Page 3417
2026-02-21 18:50:26 | Interrupted by user
2026-02-21 18:50:46 | Resuming from Dataset 9, Page 3434
2026-02-21 18:51:08 | Interrupted by user
2026-02-21 18:51:27 | Log closed, scraper exiting at Dataset 9, Page 3462
2026-02-21 18:51:30 | Resuming from Dataset 9, Page 3462
2026-02-21 19:06:05 | Interrupted by user
2026-02-21 19:06:20 | Log closed, scraper exiting at Dataset 9, Page 4432
2026-02-21 19:06:32 | Resuming from Dataset 9, Page 4432
2026-02-21 19:06:45 | Interrupted by user
2026-02-21 19:06:55 | Log closed, scraper exiting at Dataset 9, Page 4486
2026-02-21 19:07:55 | Resuming from Dataset 9, Page 4486
2026-02-21 19:08:10 | Interrupted by user
2026-02-21 19:08:25 | Log closed, scraper exiting at Dataset 9, Page 4539
2026-02-21 19:10:03 | Resuming from Dataset 9, Page 4539
2026-02-21 19:10:32 | Log closed, scraper exiting at Dataset 9, Page 4594
2026-02-21 19:11:29 | Resuming from Dataset 9, Page 4594
2026-02-21 19:14:08 | Resuming from Dataset 9, Page 4705
2026-02-21 19:15:36 | Log closed, scraper exiting at Dataset 9, Page 4911
2026-02-21 19:16:00 | Resuming from Dataset 9, Page 4911
2026-02-21 19:17:37 | Log closed, scraper exiting at Dataset 9, Page 4984
2026-02-21 19:19:47 | Resuming from Dataset 9, Page 4984
2026-02-21 19:21:53 | Interrupted by user
2026-02-21 19:22:08 | Log closed, scraper exiting at Dataset 9, Page 5064
2026-02-21 19:22:16 | Resuming from Dataset 9, Page 5064
2026-02-21 19:28:31 | Resuming from Dataset 9, Page 5324
2026-02-21 19:29:10 | Interrupted by user
2026-02-21 19:29:29 | Log closed, scraper exiting at Dataset 9, Page 5370
2026-02-21 19:29:36 | Resuming from Dataset 9, Page 5370
2026-02-22 10:33:24 | Resuming from Dataset 10, Page 640
2026-02-22 11:43:09 | Interrupted by user
2026-02-22 11:47:52 | Resuming from Dataset 10, Page 5679
2026-02-22 11:47:58 | Interrupted by user
2026-02-22 11:49:29 | Resuming from Dataset 10, Page 5595
2026-02-22 11:50:39 | Interrupted by user
2026-02-22 11:51:13 | Resuming from Dataset 10, Page 5697
2026-02-22 11:51:47 | Interrupted by user
2026-02-22 15:57:17 | Resuming from Dataset 11, Page 0
2026-02-22 16:00:23 | Resuming from Dataset 11, Page 16
2026-02-22 16:11:52 | Resuming from Dataset 11, Page 30
2026-02-22 16:12:07 | Resuming from Dataset 11, Page 43
2026-02-22 16:12:17 | Interrupted by user
2026-02-22 16:13:09 | Resuming from Dataset 11, Page 55
2026-02-22 16:13:15 | Interrupted by user
2026-02-22 16:14:45 | Resuming from Dataset 11, Page 67
2026-02-22 16:14:50 | Interrupted by user
2026-02-22 16:16:36 | Resuming from Dataset 11, Page 79
2026-02-22 16:17:57 | Resuming from Dataset 11, Page 91
2026-02-22 16:18:15 | Interrupted by user
2026-02-22 16:21:57 | Resuming from Dataset 11, Page 103
2026-02-22 16:23:01 | Resuming from Dataset 11, Page 115
2026-02-22 16:23:05 | Interrupted by user
2026-02-22 16:25:17 | Resuming from Dataset 11, Page 127
2026-02-22 16:36:40 | Resuming from Dataset 11, Page 139
2026-02-22 16:36:47 | Interrupted by user
2026-02-22 16:39:35 | Resuming from Dataset 11, Page 151
2026-02-22 16:39:56 | Resuming from Dataset 11, Page 0
2026-02-22 16:54:06 | Resuming from Dataset 11, Page 0
2026-02-22 16:55:35 | Resuming from Dataset 11, Page 0
2026-02-22 16:56:10 | Resuming from Dataset 11, Page 0
2026-02-22 16:56:35 | Resuming from Dataset 11, Page 0
2026-02-22 16:57:02 | Resuming from Dataset 11, Page 0
2026-02-22 17:02:58 | Resuming from Dataset 11, Page 0
2026-02-22 17:07:16 | Resuming from Dataset 11, Page 0
2026-02-22 17:12:13 | Resuming from Dataset 11, Page 0
2026-02-22 17:13:26 | Resuming from Dataset 11, Page 0
2026-02-22 17:13:47 | Resuming from Dataset 11, Page 0
2026-02-22 17:15:10 | Resuming from Dataset 11, Page 0
2026-02-22 17:15:49 | Resuming from Dataset 11, Page 0
2026-02-22 17:16:09 | Resuming from Dataset 11, Page 0
2026-02-22 17:16:45 | Resuming from Dataset 11, Page 0
2026-02-22 17:18:20 | Resuming from Dataset 11, Page 0
2026-02-22 17:20:39 | Resuming from Dataset 11, Page 0
2026-02-22 17:21:21 | Resuming from Dataset 11, Page 0
2026-02-22 17:21:26 | Log closed, scraper exiting at Dataset -1, Page -1
2026-02-22 17:23:25 | Resuming from Dataset 11, Page 0
2026-02-22 17:24:23 | Interrupted by user
2026-02-22 17:24:23 | Log closed, scraper exiting at Dataset 11, Page 89
2026-02-22 17:24:42 | Resuming from Dataset 11, Page 89
2026-02-22 17:24:44 | Interrupted by user
2026-02-22 17:25:18 | Resuming from Dataset 11, Page 89
2026-02-22 17:26:25 | Interrupted by user
2026-02-22 17:26:25 | Log closed, scraper exiting at Dataset 11, Page 177
2026-02-22 17:26:33 | Resuming from Dataset 11, Page 176
2026-02-22 17:26:44 | Interrupted by user
2026-02-22 17:26:45 | Log closed, scraper exiting at Dataset 11, Page 192
2026-02-22 17:27:05 | Resuming from Dataset 11, Page 191
2026-02-22 17:41:19 | Interrupted by user
2026-02-22 17:41:19 | Log closed, scraper exiting at Dataset 11, Page 1464
2026-02-22 17:41:29 | Resuming from Dataset 11, Page 1464
2026-02-22 18:18:50 | Interrupted by user
2026-02-22 18:18:50 | Log closed, scraper exiting at Dataset 11, Page 5233
2026-02-22 18:21:35 | Resuming from Dataset 11, Page 5232
2026-02-22 18:22:02 | Interrupted by user
2026-02-22 18:22:03 | Log closed, scraper exiting at Dataset 11, Page 5303
2026-02-22 18:22:20 | Resuming from Dataset 11, Page 5303
2026-02-22 18:22:51 | Interrupted by user
2026-02-22 18:22:51 | Log closed, scraper exiting at Dataset 11, Page 5376
2026-02-22 18:24:50 | Resuming from Dataset 11, Page 5374
2026-02-22 18:26:09 | Starting scraping from beginning of configured dataset
2026-02-22 18:26:53 | Interrupted by user
2026-02-22 18:26:56 | Log closed, scraper exiting at Dataset 1, Page 20
2026-02-22 18:27:03 | Resuming from Dataset 1, Page 23
2026-02-22 18:27:18 | Interrupted by user
2026-02-22 18:27:20 | Log closed, scraper exiting at Dataset 1, Page 33
2026-02-22 18:27:28 | Resuming from Dataset 1, Page 31
2026-02-22 18:27:31 | Interrupted by user
2026-02-22 18:27:31 | Log closed, scraper exiting at Dataset 1, Page 33
2026-02-22 18:27:37 | Starting scraping from beginning of configured dataset
2026-02-22 18:27:56 | Interrupted by user
2026-02-22 18:28:01 | Log closed, scraper exiting at Dataset 1, Page 33
2026-02-22 18:28:39 | Resuming from Dataset 11, Page 5374
2026-02-22 18:30:17 | Interrupted by user
2026-02-22 18:30:19 | Log closed, scraper exiting at Dataset 11, Page 5533
2026-02-22 18:30:24 | Resuming from Dataset 11, Page 5629
